[2016-12-25 16:20:31]	Cannot open file 
[2016-12-25 16:20:31]	D:\Data\eclipse\Niukun\MyNLPIR\Data\KeyBlackList.pdat
[2016-12-25 16:41:46]	Cannot open file 
[2016-12-25 16:41:46]	D:\Data\eclipse\Niukun\MyNLPIR\Data\KeyBlackList.pdat
[2016-12-25 16:42:47]	Cannot open file 
[2016-12-25 16:42:47]	D:\Data\eclipse\Niukun\MyNLPIR\Data\KeyBlackList.pdat
[2016-12-25 16:44:44]	Cannot open file 
[2016-12-25 16:44:44]	D:\Data\eclipse\Niukun\MyNLPIR\Data\KeyBlackList.pdat
[2016-12-25 17:28:28]	Cannot open file 
[2016-12-25 17:28:28]	D:\Data\eclipse\Niukun\MyNLPIR\Data\KeyBlackList.pdat
[2016-12-25 17:28:28]	Error read file
[2016-12-25 17:28:28]	D:/NLPIR/sougou/bigfile/big.txt
[2016-12-25 17:28:50]	Cannot open file 
[2016-12-25 17:28:50]	D:\Data\eclipse\Niukun\MyNLPIR\Data\KeyBlackList.pdat
[2016-12-25 17:28:50]	Error read file
[2016-12-25 17:28:50]	D:/NLPIR/sougou/bigfile/big.txt
[2016-12-25 17:29:07]	Cannot open file 
[2016-12-25 17:29:07]	D:\Data\eclipse\Niukun\MyNLPIR\Data\KeyBlackList.pdat
[2016-12-25 17:29:07]	Error read file
[2016-12-25 17:29:07]	D:/NLPIR/sougou/bigfile/big.txt
[2016-12-25 18:28:58]	Cannot open file 
[2016-12-25 18:28:58]	D:\Data\eclipse\Niukun\MyNLPIR\Data\KeyBlackList.pdat
[2016-12-25 18:28:58]	Error read file
[2016-12-25 18:28:58]	D:/NLPIR/sougou/bigfile/big.txt
[2016-12-25 18:29:47]	Cannot open file 
[2016-12-25 18:29:47]	D:\Data\eclipse\Niukun\MyNLPIR\Data\KeyBlackList.pdat
[2016-12-25 18:29:47]	Error read file
[2016-12-25 18:29:47]	D:/NLPIR/sougou/bigfile.txt
[2016-12-25 18:30:11]	Cannot open file 
[2016-12-25 18:30:11]	D:\Data\eclipse\Niukun\MyNLPIR\Data\KeyBlackList.pdat
[2016-12-25 18:42:17]	Cannot open file 
[2016-12-25 18:42:17]	D:\Data\eclipse\Niukun\MyNLPIR\Data\KeyBlackList.pdat
